<?xml version="1.0" encoding="UTF-8"?>
<!-- Generated by org.testng.reporters.JUnitReportReporter -->
<testsuite hostname="LAPTOP-2GF41894" failures="0" tests="6" name="api.test.DDTest" time="9.228" errors="0" timestamp="2023-10-01T15:59:27 IST" skipped="0">
  <testcase classname="api.test.DDTest" name="testPostUser" time="1.299"/>
  <testcase classname="api.test.DDTest" name="testPostUser" time="2.900"/>
  <testcase classname="api.test.DDTest" name="testPostUser" time="1.268"/>
  <testcase classname="api.test.DDTest" name="testDeleteUserByName" time="1.247"/>
  <testcase classname="api.test.DDTest" name="testDeleteUserByName" time="1.249"/>
  <testcase classname="api.test.DDTest" name="testDeleteUserByName" time="1.265"/>
</testsuite> <!-- api.test.DDTest -->
